
ASEM-51 V1.3                                         Copyright (c) 2002 by W.W. Heinz                                         PAGE 1





       MCS-51 Family Macro Assembler   A S E M - 5 1   V 1.3
       =====================================================



	Source File:	C:\Users\HiroFoerYou\Desktop\Arqui\PC2\yo\2.asm
	Object File:	C:\Users\HiroFoerYou\Desktop\Arqui\PC2\yo\2.hex
	List File:	C:\Users\HiroFoerYou\Desktop\Arqui\PC2\yo\2.lst



 Line  I  Addr  Code            Source

    1:		N      0145	setintvec equ 145h
    2:		N      0136	print equ 136h
    3:		N      011E	getbyt equ 11Eh
    4:
    5:		N      8000		org 8000h
    6:	  8000	75 89 20		mov TMOD,#20h
    7:	  8003	74 01			mov A,#1
    8:	  8005	90 81 44		mov dptr,#rutina_interrup_t0
    9:	  8008	12 01 45		lcall setintvec
   10:	  800B			menu:
   11:	  800B	12 01 36		lcall print
   12:	  800E	0D 0A 4D 65		db 0dh,0ah,"Menu de Frecuencias",0dh,0ah
	  8012	6E 75 20 64
	  8016	65 20 46 72
	  801A	65 63 75 65
	  801E	6E 63 69 61
	  8022	73 0D 0A
   13:	  8025	30 31 29 46		db "01)Frecuencia de 13hz",0dh,0ah
	  8029	72 65 63 75
	  802D	65 6E 63 69
	  8031	61 20 64 65
	  8035	20 31 33 68
	  8039	7A 0D 0A
   14:	  803C	30 32 29 46		db "02)Frecuencia de 18hz",0dh,0ah
	  8040	72 65 63 75
	  8044	65 6E 63 69
	  8048	61 20 64 65
	  804C	20 31 38 68
	  8050	7A 0D 0A
   15:	  8053	30 33 29 46		db "03)Frecuencia de 23hz",0dh,0ah
	  8057	72 65 63 75
	  805B	65 6E 63 69
	  805F	61 20 64 65
	  8063	20 32 33 68
	  8067	7A 0D 0A
   16:	  806A	30 34 29 53		db "04)Salir",0dh,0ah
	  806E	61 6C 69 72
	  8072	0D 0A
   17:	  8074	49 6E 67 72		db "Ingrese seleccion :",0ah,0
	  8078	65 73 65 20
	  807C	73 65 6C 65
	  8080	63 63 69 6F
	  8084	6E 20 3A 0A

ASEM-51 V1.3                                         Copyright (c) 2002 by W.W. Heinz                                         PAGE 2



 Line  I  Addr  Code            Source

	  8088	00
   18:	  8089	12 01 1E		lcall getbyt
   19:	  808C	FE			mov R6,A
   20:	  808D	B4 01 2F		cjne A,#1,f18hz
   21:	  8090			f13hz:
   22:	  8090	7F 04			mov R7,#4	;La cantidad de overflows
   23:	  8092	12 01 36		lcall print
   24:	  8095	0D 0A 46 72		db 0dh, 0ah,"Frecuencia seleccionada 13 Hz",0dh,0ah,0
	  8099	65 63 75 65
	  809D	6E 63 69 61
	  80A1	20 73 65 6C
	  80A5	65 63 63 69
	  80A9	6F 6E 61 64
	  80AD	61 20 31 33
	  80B1	20 48 7A 0D
	  80B5	0A 00
   25:	  80B7	D2 8C			setb TR0
   26:	  80B9	D2 A9			setb ET0
   27:	  80BB	D2 AF			setb EA
   28:	  80BD	01 0B			ajmp menu	;el menu se lanza de nuevo
   29:	  80BF			f18hz:
   30:	  80BF	B4 02 2E		cjne A,#2,f23hz
   31:	  80C2	7F 03			mov R7,#3	;de aca
   32:	  80C4	12 01 36		lcall print
   33:	  80C7	0D 0A 46 72		db 0dh, 0ah,"Frecuencia seleccionada 18Hz",0dh,0ah,0
	  80CB	65 63 75 65
	  80CF	6E 63 69 61
	  80D3	20 73 65 6C
	  80D7	65 63 63 69
	  80DB	6F 6E 61 64
	  80DF	61 20 31 38
	  80E3	48 7A 0D 0A
	  80E7	00
   34:	  80E8	D2 8C			setb TR0
   35:	  80EA	D2 A9			setb ET0
   36:	  80EC	D2 AF			setb EA
   37:	  80EE	01 0B			ajmp menu	;hasta aca esta generando 18 herz
   38:	  80F0			f23hz:
   39:	  80F0	B4 03 2F		cjne A,#3,sale
   40:	  80F3	7F 02			mov R7,#2
   41:	  80F5	12 01 36		lcall print
   42:	  80F8	0D 0A 46 72		db 0dh, 0ah,"Frecuencia seleccionada 23 hz",0dh,0ah,0
	  80FC	65 63 75 65
	  8100	6E 63 69 61
	  8104	20 73 65 6C
	  8108	65 63 63 69
	  810C	6F 6E 61 64
	  8110	61 20 32 33
	  8114	20 68 7A 0D
	  8118	0A 00
   43:	  811A	D2 8C			setb TR0
   44:	  811C	D2 A9			setb ET0
   45:	  811E	D2 AF			setb EA
   46:	  8120	01 0B			ajmp menu
   47:	  8122			sale:
   48:	  8122	C2 AF			clr EA

ASEM-51 V1.3                                         Copyright (c) 2002 by W.W. Heinz                                         PAGE 3



 Line  I  Addr  Code            Source

   49:	  8124	C2 8C			clr TR0
   50:	  8126	12 01 36		lcall print
   51:	  8129	0D 0A 48 61		db 0dh, 0ah,"Hasta la proxima...",0dh,0ah,0
	  812D	73 74 61 20
	  8131	6C 61 20 70
	  8135	72 6F 78 69
	  8139	6D 61 2E 2E
	  813D	2E 0D 0A 00
   52:	  8141	02 02 F0		ljmp 2F0h
   53:
   54:	  8144			rutina_interrup_t0:
   55:	  8144	EE			mov A,R6
   56:	  8145	B4 01 0A		cjne A,#1,otro
   57:	  8148			frec13hz:
   58:	  8148	1F			dec R7
   59:	  8149	BF 00 20		cjne R7,#0,sale_interrupcion
   60:	  814C	B2 90			cpl P1.0
   61:	  814E	7F 04			mov R7,#4
   62:	  8150	80 1A			sjmp sale_interrupcion
   63:	  8152			otro:
   64:	  8152	B4 02 0A		cjne A,#2,otro2
   65:	  8155			frec18hz:	;k=3
   66:	  8155	1F			dec R7 ;decremento k a 2
   67:	  8156	BF 00 13		cjne R7,#0,sale_interrupcion ;cuando k=0 sale de la interrupcion
   68:	  8159	B2 90			cpl P1.0
   69:	  815B	7F 03			mov R7,#3
   70:	  815D	80 0D			sjmp sale_interrupcion
   71:	  815F			otro2:
   72:	  815F	B4 03 0A		cjne A,#3,sale_interrupcion
   73:	  8162			frec23hz:
   74:	  8162	1F			dec R7
   75:	  8163	BF 00 06		cjne R7,#0,sale_interrupcion
   76:	  8166	B2 90			cpl P1.0
   77:	  8168	7F 02			mov R7,#2
   78:	  816A	80 00			sjmp sale_interrupcion
   79:	  816C			sale_interrupcion:
   80:	  816C	32			reti
   81:					end





                     register banks used:  ---

                     no errors




ASEM-51 V1.3                                         Copyright (c) 2002 by W.W. Heinz                                         PAGE 4





	       L I S T   O F   S Y M B O L S
	       =============================


SYMBOL				  TYPE     VALUE	LINE
------------------------------------------------------------
??ASEM_51			  NUMBER    8051
??VERSION			  NUMBER    0130
AC				  BIT	      D6
ACC				  DATA	      E0
B				  DATA	      F0
CY				  BIT	      D7
DPH				  DATA	      83
DPL				  DATA	      82
EA				  BIT	      AF
ES				  BIT	      AC
ET0				  BIT	      A9
ET1				  BIT	      AB
EX0				  BIT	      A8
EX1				  BIT	      AA
EXTI0				  CODE	    0003
EXTI1				  CODE	    0013
F0				  BIT	      D5
F13HZ				  CODE	    8090	  21
F18HZ				  CODE	    80BF	  29
F23HZ				  CODE	    80F0	  38
FREC13HZ			  CODE	    8148	  57
FREC18HZ			  CODE	    8155	  65
FREC23HZ			  CODE	    8162	  73
GETBYT				  NUMBER    011E	   3
IE				  DATA	      A8
IE0				  BIT	      89
IE1				  BIT	      8B
INT0				  BIT	      B2
INT1				  BIT	      B3
IP				  DATA	      B8
IT0				  BIT	      88
IT1				  BIT	      8A
MENU				  CODE	    800B	  10
OTRO				  CODE	    8152	  63
OTRO2				  CODE	    815F	  71
OV				  BIT	      D2
P				  BIT	      D0
P0				  DATA	      80
P1				  DATA	      90
P2				  DATA	      A0
P3				  DATA	      B0
PCON				  DATA	      87
PRINT				  NUMBER    0136	   2
PS				  BIT	      BC
PSW				  DATA	      D0
PT0				  BIT	      B9
PT1				  BIT	      BB
PX0				  BIT	      B8
PX1				  BIT	      BA
RB8				  BIT	      9A

ASEM-51 V1.3                                         Copyright (c) 2002 by W.W. Heinz                                         PAGE 5



SYMBOL				  TYPE     VALUE	LINE
------------------------------------------------------------
RD				  BIT	      B7
REN				  BIT	      9C
RESET				  CODE	    0000
RI				  BIT	      98
RS0				  BIT	      D3
RS1				  BIT	      D4
RUTINA_INTERRUP_T0		  CODE	    8144	  54
RXD				  BIT	      B0
SALE				  CODE	    8122	  47
SALE_INTERRUPCION		  CODE	    816C	  79
SBUF				  DATA	      99
SCON				  DATA	      98
SETINTVEC			  NUMBER    0145	   1
SINT				  CODE	    0023
SM0				  BIT	      9F
SM1				  BIT	      9E
SM2				  BIT	      9D
SP				  DATA	      81
T0				  BIT	      B4
T1				  BIT	      B5
TB8				  BIT	      9B
TCON				  DATA	      88
TF0				  BIT	      8D
TF1				  BIT	      8F
TH0				  DATA	      8C
TH1				  DATA	      8D
TI				  BIT	      99
TIMER0				  CODE	    000B
TIMER1				  CODE	    001B
TL0				  DATA	      8A
TL1				  DATA	      8B
TMOD				  DATA	      89
TR0				  BIT	      8C
TR1				  BIT	      8E
TXD				  BIT	      B1
WR				  BIT	      B6
