
ASEM-51 V1.3                                         Copyright (c) 2002 by W.W. Heinz                                         PAGE 1





       MCS-51 Family Macro Assembler   A S E M - 5 1   V 1.3
       =====================================================



	Source File:	C:\Users\HiroFoerYou\Desktop\Arqui\PC2\yo\3.asm
	Object File:	C:\Users\HiroFoerYou\Desktop\Arqui\PC2\yo\3.hex
	List File:	C:\Users\HiroFoerYou\Desktop\Arqui\PC2\yo\3.lst



 Line  I  Addr  Code            Source

    1:		N      0145	setintvec equ 145h
    2:		N      0118	delay 	 equ 118h
    3:		N      0142	sdelay   equ 142h
    4:		N      0115	crlf	 equ 115h
    5:		N      011B	display  equ 11Bh
    6:		N      0136	print	 equ 136h
    7:		N      8000		org 8000h
    8:					         ;Habilita la interrupcion externa 0
    9:	  8000	C2 88			clr IT0 ;fijamos la interrupcion externa sensible en el nivel bajo
   10:	  8002	74 00			mov a,#0
   11:	  8004	90 80 2E		mov dptr,#ISR0
   12:	  8007	12 01 45		lcall setintvec
   13:	  800A	D2 A8			setb EX0
   14:	  800C	D2 B2			setb P3.2
   15:				                        ;habilita la interrupcion externa 1
   16:
   17:	  800E	C2 8A			clr IT1		;fijamos la interrupcion externa sensible en el nivel bajo
   18:	  8010	74 02			mov a,#2
   19:	  8012	90 80 58		mov dptr,#ISR1
   20:	  8015	12 01 45		lcall setintvec
   21:	  8018	D2 AA			setb EX1
   22:	  801A	D2 AF			setb EA
   23:	  801C	D2 B3			setb P3.3
   24:
   25:	  801E			repite1:
   26:	  801E	D2 90			setb P1.0
   27:	  8020	74 C8			mov A,#200
   28:	  8022	12 01 18		lcall delay
   29:	  8025	C2 90			clr P1.0
   30:	  8027	74 C8			mov A,#200
   31:	  8029	12 01 18		lcall delay
   32:	  802C	80 F0			sjmp repite1
   33:
   34:	  802E			ISR0:
   35:	  802E	C2 A8			clr EX0
   36:	  8030	C0 E0			push acc
   37:	  8032	7D 0A			mov R5,#10
   38:	  8034	7F 00			mov R7,#0
   39:	  8036	12 80 41		lcall aumento
   40:	  8039	12 01 15		lcall crlf
   41:	  803C	D0 E0			pop acc
   42:	  803E	D2 A8			setb EX0
   43:	  8040	32			reti

ASEM-51 V1.3                                         Copyright (c) 2002 by W.W. Heinz                                         PAGE 2



 Line  I  Addr  Code            Source

   44:
   45:	  8041			aumento:
   46:	  8041	EF			mov A,R7
   47:	  8042	12 01 1B		lcall display
   48:	  8045	F4			cpl A
   49:	  8046	F5 90			mov P1,A
   50:	  8048	12 01 42		lcall sdelay
   51:	  804B	0F			inc R7
   52:	  804C	DD F3			djnz R5,aumento
   53:	  804E	80 00			sjmp again
   54:
   55:	  8050			again:
   56:	  8050	7D 0A			mov R5,#10
   57:	  8052	7F 00			mov R7,#0
   58:	  8054	12 80 41		lcall aumento
   59:	  8057	22			ret
   60:
   61:	  8058			ISR1:
   62:	  8058	C2 AA			clr EX1
   63:	  805A	C0 E0			push acc
   64:	  805C	12 80 67		lcall decremento
   65:	  805F	12 01 15		lcall crlf
   66:	  8062	D0 E0			pop acc
   67:	  8064	D2 AA			setb EX1
   68:	  8066	32			reti
   69:
   70:	  8067			decremento:
   71:	  8067	FF			mov R7,A
   72:	  8068	12 01 1B		lcall display
   73:	  806B	F4			cpl A
   74:	  806C	F5 90			mov P1,A
   75:	  806E	12 01 42		lcall sdelay
   76:	  8071	1F			dec R7
   77:	  8072	DD F3			djnz R5,decremento
   78:	  8074	80 00			sjmp again2
   79:	  8076			again2:
   80:	  8076	7D 0A		         mov R5, #10
   81:	  8078	7F 00		         mov R7, #0
   82:	  807A	12 80 67	         lcall decremento
   83:	  807D	22		         ret
   84:					end





                     register banks used:  ---

                     no errors




ASEM-51 V1.3                                         Copyright (c) 2002 by W.W. Heinz                                         PAGE 3





	       L I S T   O F   S Y M B O L S
	       =============================


SYMBOL				  TYPE     VALUE	LINE
------------------------------------------------------------
??ASEM_51			  NUMBER    8051
??VERSION			  NUMBER    0130
AC				  BIT	      D6
ACC				  DATA	      E0
AGAIN				  CODE	    8050	  55
AGAIN2				  CODE	    8076	  79
AUMENTO				  CODE	    8041	  45
B				  DATA	      F0
CRLF				  NUMBER    0115	   4
CY				  BIT	      D7
DECREMENTO			  CODE	    8067	  70
DELAY				  NUMBER    0118	   2
DISPLAY				  NUMBER    011B	   5
DPH				  DATA	      83
DPL				  DATA	      82
EA				  BIT	      AF
ES				  BIT	      AC
ET0				  BIT	      A9
ET1				  BIT	      AB
EX0				  BIT	      A8
EX1				  BIT	      AA
EXTI0				  CODE	    0003
EXTI1				  CODE	    0013
F0				  BIT	      D5
IE				  DATA	      A8
IE0				  BIT	      89
IE1				  BIT	      8B
INT0				  BIT	      B2
INT1				  BIT	      B3
IP				  DATA	      B8
ISR0				  CODE	    802E	  34
ISR1				  CODE	    8058	  61
IT0				  BIT	      88
IT1				  BIT	      8A
OV				  BIT	      D2
P				  BIT	      D0
P0				  DATA	      80
P1				  DATA	      90
P2				  DATA	      A0
P3				  DATA	      B0
PCON				  DATA	      87
PRINT				  NUMBER    0136	   6
PS				  BIT	      BC
PSW				  DATA	      D0
PT0				  BIT	      B9
PT1				  BIT	      BB
PX0				  BIT	      B8
PX1				  BIT	      BA
RB8				  BIT	      9A
RD				  BIT	      B7

ASEM-51 V1.3                                         Copyright (c) 2002 by W.W. Heinz                                         PAGE 4



SYMBOL				  TYPE     VALUE	LINE
------------------------------------------------------------
REN				  BIT	      9C
REPITE1				  CODE	    801E	  25
RESET				  CODE	    0000
RI				  BIT	      98
RS0				  BIT	      D3
RS1				  BIT	      D4
RXD				  BIT	      B0
SBUF				  DATA	      99
SCON				  DATA	      98
SDELAY				  NUMBER    0142	   3
SETINTVEC			  NUMBER    0145	   1
SINT				  CODE	    0023
SM0				  BIT	      9F
SM1				  BIT	      9E
SM2				  BIT	      9D
SP				  DATA	      81
T0				  BIT	      B4
T1				  BIT	      B5
TB8				  BIT	      9B
TCON				  DATA	      88
TF0				  BIT	      8D
TF1				  BIT	      8F
TH0				  DATA	      8C
TH1				  DATA	      8D
TI				  BIT	      99
TIMER0				  CODE	    000B
TIMER1				  CODE	    001B
TL0				  DATA	      8A
TL1				  DATA	      8B
TMOD				  DATA	      89
TR0				  BIT	      8C
TR1				  BIT	      8E
TXD				  BIT	      B1
WR				  BIT	      B6
