
ASEM-51 V1.3                                         Copyright (c) 2002 by W.W. Heinz                                         PAGE 1





       MCS-51 Family Macro Assembler   A S E M - 5 1   V 1.3
       =====================================================



	Source File:	C:\Users\HiroFoerYou\Desktop\Arqui\PC2\yo\3_primo.asm
	Object File:	C:\Users\HiroFoerYou\Desktop\Arqui\PC2\yo\3_primo.hex
	List File:	C:\Users\HiroFoerYou\Desktop\Arqui\PC2\yo\3_primo.lst



 Line  I  Addr  Code            Source

    1:		N      0148	sndchr  equ 148h
    2:		N      0136	print   equ 136h
    3:		N      0142	sdelay  equ 142h
    4:		N      011B	display equ 11Bh
    5:		N      011E	getbyt  equ 11Eh
    6:		N      8000		org 8000h
    7:	  8000	12 01 36		lcall print
    8:	  8003	0D 0A 49 6E		db 0dh,0ah,"Ingrese un numero :",0ah,0
	  8007	67 72 65 73
	  800B	65 20 75 6E
	  800F	20 6E 75 6D
	  8013	65 72 6F 20
	  8017	3A 0A 00
    9:	  801A	12 01 1E		lcall getbyt
   10:	  801D	F5 30			mov 30h,A
   11:	  801F	B4 02 31		cjne A,#2,otroNumero
   12:	  8022	12 01 36		lcall print
   13:	  8025	0D 0A 4C 6F		db 0dh,0ah,"Los primos en ese intervalo son :",0ah,0
	  8029	73 20 70 72
	  802D	69 6D 6F 73
	  8031	20 65 6E 20
	  8035	65 73 65 20
	  8039	69 6E 74 65
	  803D	72 76 61 6C
	  8041	6F 20 73 6F
	  8045	6E 20 3A 0A
	  8049	00
   14:	  804A	FB			mov R3,A
   15:	  804B	80 31			sjmp SiPrimo
   16:
   17:	  804D			inicio:
   18:	  804D	7B 02		       mov R3, #2
   19:	  804F	8B 31		       mov 31h, R3
   20:	  8051	7D 00		       mov R5, #0    ;numero de divisores para que sea primo (1)
   21:	  8053			OtroNumero:
   22:	  8053	7A 02			mov R2,#2; Numero entre la cual divido
   23:	  8055			continua:
   24:	  8055	EB			mov A,R3
   25:	  8056	8A F0			mov B,R2
   26:	  8058	84			div AB
   27:	  8059	E5 F0			mov A,B  ; A tiene el residuo
   28:	  805B	B4 00 09		cjne A,#0,sigue    ; si A es cero no es primo
   29:	  805E	0D			inc R5

ASEM-51 V1.3                                         Copyright (c) 2002 by W.W. Heinz                                         PAGE 2



 Line  I  Addr  Code            Source

   30:	  805F	0B			inc R3
   31:	  8060	8B 31			mov 31h, R3
   32:	  8062	BD 01 0F		cjne R5,#1, NoPrimo
   33:	  8065	80 EE			sjmp continua
   34:
   35:	  8067			sigue:
   36:	  8067	0A			inc R2
   37:	  8068	EA			mov A,R2
   38:	  8069	B5 31 E9		cjne A, 31h,continua
   39:	  806C	FB			mov R3, A
   40:	  806D	8B 31			mov 31h, R3
   41:	  806F	BD 01 0C		cjne R5,#1, SiPrimo
   42:	  8072	80 E1			sjmp continua
   43:	  8074			NoPrimo:
   44:	  8074	0B			inc R3
   45:	  8075	8B 31			mov 31h, R3
   46:	  8077	EB			mov A, R3
   47:	  8078	B5 30 DA		cjne A, 30h, continua
   48:	  807B	02 02 F0		ljmp 2F0H
   49:	  807E			SiPrimo:
   50:	  807E	EB		        mov A, R3
   51:	  807F	12 01 48		lcall sndchr
   52:	  8082	12 01 36		lcall print
   53:	  8085	0D 2C 20 20		db 0dh,",  ",0
	  8089	00
   54:	  808A	0B			inc R3
   55:	  808B	7D 00			mov R5, #0
   56:	  808D	8B 31			mov 31h, R3
   57:	  808F	EB			mov A, R3
   58:	  8090	B5 30 C0		cjne A, 30h, OtroNumero
   59:	  8093	02 02 F0		ljmp 2F0H
   60:					end





                     register banks used:  ---

                     no errors




ASEM-51 V1.3                                         Copyright (c) 2002 by W.W. Heinz                                         PAGE 3





	       L I S T   O F   S Y M B O L S
	       =============================


SYMBOL				  TYPE     VALUE	LINE
------------------------------------------------------------
??ASEM_51			  NUMBER    8051
??VERSION			  NUMBER    0130
AC				  BIT	      D6
ACC				  DATA	      E0
B				  DATA	      F0
CONTINUA			  CODE	    8055	  23
CY				  BIT	      D7
DISPLAY				  NUMBER    011B	   4
DPH				  DATA	      83
DPL				  DATA	      82
EA				  BIT	      AF
ES				  BIT	      AC
ET0				  BIT	      A9
ET1				  BIT	      AB
EX0				  BIT	      A8
EX1				  BIT	      AA
EXTI0				  CODE	    0003
EXTI1				  CODE	    0013
F0				  BIT	      D5
GETBYT				  NUMBER    011E	   5
IE				  DATA	      A8
IE0				  BIT	      89
IE1				  BIT	      8B
INICIO				  CODE	    804D	  17
INT0				  BIT	      B2
INT1				  BIT	      B3
IP				  DATA	      B8
IT0				  BIT	      88
IT1				  BIT	      8A
NOPRIMO				  CODE	    8074	  43
OTRONUMERO			  CODE	    8053	  21
OV				  BIT	      D2
P				  BIT	      D0
P0				  DATA	      80
P1				  DATA	      90
P2				  DATA	      A0
P3				  DATA	      B0
PCON				  DATA	      87
PRINT				  NUMBER    0136	   2
PS				  BIT	      BC
PSW				  DATA	      D0
PT0				  BIT	      B9
PT1				  BIT	      BB
PX0				  BIT	      B8
PX1				  BIT	      BA
RB8				  BIT	      9A
RD				  BIT	      B7
REN				  BIT	      9C
RESET				  CODE	    0000
RI				  BIT	      98

ASEM-51 V1.3                                         Copyright (c) 2002 by W.W. Heinz                                         PAGE 4



SYMBOL				  TYPE     VALUE	LINE
------------------------------------------------------------
RS0				  BIT	      D3
RS1				  BIT	      D4
RXD				  BIT	      B0
SBUF				  DATA	      99
SCON				  DATA	      98
SDELAY				  NUMBER    0142	   3
SIGUE				  CODE	    8067	  35
SINT				  CODE	    0023
SIPRIMO				  CODE	    807E	  49
SM0				  BIT	      9F
SM1				  BIT	      9E
SM2				  BIT	      9D
SNDCHR				  NUMBER    0148	   1
SP				  DATA	      81
T0				  BIT	      B4
T1				  BIT	      B5
TB8				  BIT	      9B
TCON				  DATA	      88
TF0				  BIT	      8D
TF1				  BIT	      8F
TH0				  DATA	      8C
TH1				  DATA	      8D
TI				  BIT	      99
TIMER0				  CODE	    000B
TIMER1				  CODE	    001B
TL0				  DATA	      8A
TL1				  DATA	      8B
TMOD				  DATA	      89
TR0				  BIT	      8C
TR1				  BIT	      8E
TXD				  BIT	      B1
WR				  BIT	      B6
